<?xml version="1.0" encoding="UTF-8"?>
<!-- Generated by org.testng.reporters.JUnitXMLReporter -->
<testsuite hostname="T470-PF0SXB3X" name="Regression" tests="1" failures="1" timestamp="9 Sep 2021 09:01:57 GMT" time="77.949" errors="0">
  <testcase name="runScenario" time="63.589" classname="runners.Runner">
    <failure type="java.lang.AssertionError" message="The following asserts failed:
	Failed to find Year Textbox in 20 sec,
	Failed to enter the text &amp;apos;2022&amp;apos; in Year Textbox">
      <![CDATA[java.lang.AssertionError: The following asserts failed:
	Failed to find Year Textbox in 20 sec,
	Failed to enter the text '2022' in Year Textbox
	at hooks.Hooks.assert_all(Hooks.java:65)
... Removed 1 stack frames]]>
    </failure>
  </testcase> <!-- runScenario -->
</testsuite> <!-- Regression -->
