<?xml version="1.0" encoding="UTF-8"?>
<!-- Generated by org.testng.reporters.JUnitReportReporter -->
<testsuite hostname="T470-PF0SXB3X" name="runners.Runner" tests="1" failures="1" timestamp="9 Sep 2021 09:01:57 GMT" time="63.589" errors="0">
  <testcase name="runScenario" time="63.589" classname="runners.Runner">
    <failure type="java.lang.AssertionError" message="The following asserts failed:
	Failed to find Year Textbox in 20 sec,
	Failed to enter the text &#039;2022&#039; in Year Textbox">
      <![CDATA[java.lang.AssertionError: The following asserts failed:
	Failed to find Year Textbox in 20 sec,
	Failed to enter the text '2022' in Year Textbox
	at org.testng.asserts.SoftAssert.assertAll(SoftAssert.java:43)
	at hooks.Hooks.assert_all(Hooks.java:65)
]]>
    </failure>
  </testcase> <!-- runScenario -->
</testsuite> <!-- runners.Runner -->
